C51 COMPILER V9.01   ISR                                                                   12/25/2021 20:03:03 PAGE 1   


C51 COMPILER V9.01, COMPILATION OF MODULE ISR
OBJECT MODULE PLACED IN isr.obj
COMPILER INVOKED BY: C:\Keil\C51\BIN\C51.EXE src\isr.c BROWSE INCDIR(.\src;.\src) DEBUG OBJECTEXTEND PRINT(.\isr.lst) OB
                    -JECT(isr.obj)

line level    source

   1          #include "isr.h"
   2          /*----------------中断开关----------------
   3                  @i      true为开中断，false为关中断
   4          ------------------------------------------*/
   5          void interruptSwitch(int i){
   6   1              switch (i){
   7   2                      case 1: EA = 1; break;
   8   2                      case 0: EA = 0; break;
   9   2                      default:break;
  10   2              }
  11   1      }
  12          
  13          /*---------------定时器初始化函数---------------
  14                  @tim            定时器选择                                                  
  15                  @th             定时器高位写入数据                          
  16                  @tl             定时器低位写入数据                                      
  17          ------------------------------------------------*/                                                       
  18          void pitInit(int tim, int th, int tl){
  19   1              switch (tim){
  20   2                      case 0: TH0 = th;
  21   2                                      TL0 = tl;
  22   2                                      TR0 = 1;
  23   2                                      ET0 = 1;break;
  24   2                      case 1: TH1 = th;
  25   2                                      TL1 = tl;
  26   2                                      TR1 = 1;
  27   2                                      ET1 = 1;break;
  28   2                      default:break;
  29   2              }
  30   1      }
  31          
  32          /*---------------定时器开启函数---------------
  33                  @tim            定时器选择                                                  
  34          ----------------------------------------------*/
  35          void pitStart(int tim){
  36   1              switch (tim){
  37   2                      case 0: TR0 = 1;
  38   2                                      ET0 = 1;
  39   2                      case 1: TR1 = 1;
  40   2                                      ET1 = 1;
  41   2              }
  42   1      }


MODULE INFORMATION:   STATIC OVERLAYABLE
   CODE SIZE        =     62    ----
   CONSTANT SIZE    =   ----    ----
   XDATA SIZE       =   ----    ----
   PDATA SIZE       =   ----    ----
   DATA SIZE        =   ----    ----
   IDATA SIZE       =   ----    ----
   BIT SIZE         =   ----    ----
END OF MODULE INFORMATION.


C51 COMPILATION COMPLETE.  0 WARNING(S),  0 ERROR(S)
