C51 COMPILER V9.01   MAIN                                                                  12/25/2021 20:17:55 PAGE 1   


C51 COMPILER V9.01, COMPILATION OF MODULE MAIN
OBJECT MODULE PLACED IN main.obj
COMPILER INVOKED BY: C:\Keil\C51\BIN\C51.EXE src\main.c BROWSE INCDIR(.\src;.\src) DEBUG OBJECTEXTEND PRINT(.\main.lst) 
                    -OBJECT(main.obj)

line level    source

   1          #include "headfile.h"
   2          
   3          sbit buzzer = P0^6;
   4          sbit key = P3^2;
   5          sbit servoPwm = P1^6;
   6          
   7          int keyDownFlag = 0;
   8          int buzzerOnFlag = 0;
   9          int angle;
  10          
  11          
  12          
  13          //函数声明
  14          void keyScan(void);
  15          void buzzerOn(void);
  16          
  17          int temp = 0; //计数
  18          
  19          void main (void){
  20   1              //error = 0;
  21   1              temp = 0;
  22   1              P0 = 0XF0;
  23   1              keyScan();
  24   1      
  25   1              if (keyDownFlag == 1){
  26   2                      TMOD = 0X11;                //两个定时器工作在方式1：16位定时器
  27   2                      //pitInit(0,0XFC,0X18);  //设定初值为FC18H，1ms定时器中断
  28   2                      EA = 1;
  29   2                      pitInit(1,0XFF,0XA3);  //设定初值为FFA3H，0.1ms定时器中断
  30   2                                
  31   2              }
  32   1              while (1){
  33   2                      //      allControl();
  34   2                      //      findRoad();
  35   2                      //      moveMotorServo(0);
  36   2                         angle = 12;
  37   2                      }       
  38   1      }
  39          
  40          //蜂鸣器函数
  41          void buzzerOn (void){
  42   1              buzzer = 0;
  43   1              delay_ms(50);
  44   1              buzzer = 1;
  45   1      }
  46          
  47          //判断按键
  48          void keyScan (void){
  49   1              while (keyDownFlag == 0){
  50   2                      if (key == 0){
  51   3                              delay_ms(20);
  52   3                              if (key == 0){
  53   4                                      keyDownFlag = 1;
  54   4                                      buzzerOn();
C51 COMPILER V9.01   MAIN                                                                  12/25/2021 20:17:55 PAGE 2   

  55   4                                  
  56   4                              }
  57   3                      }
  58   2              }
  59   1      }
  60          
  61          
  62          /*--------------舵机定时器中断服务程序-----------------
  63             @0.1ms进入定时器中断服务程序一次
  64             @舵机角度范围：[0~180]       ――――>  20ms周期内占空比决定
  65                                  0.5ms ―――― 0°
  66                                  2.5ms ―――― 180°
  67                          统一角度公式θ = 90T - 45
  68                             1ms = 10temp
  69                             20ms = 200temp
  70                          转化为代码语言：
  71                                          θ = 9angleSet - 45  其中angleSet∈[5,25]
  72                  可根据需求的θ值确定angleSet的值
  73          
  74                  舵机中值为angleSet = 15
  75          ------------------------------------------------------*/
  76          void pit1Interrupt() interrupt 3{
  77   1              TH1 = 0XFF;
  78   1              TL1 = 0XA3;
  79   1              if(temp < angle){
  80   2                      servoPwm = 1;
  81   2              }else{
  82   2                      servoPwm = 0;
  83   2              }
  84   1              temp ++;
  85   1              temp = temp%40;         //20ms舵机控制周期
  86   1      } 


MODULE INFORMATION:   STATIC OVERLAYABLE
   CODE SIZE        =    173    ----
   CONSTANT SIZE    =   ----    ----
   XDATA SIZE       =   ----    ----
   PDATA SIZE       =   ----    ----
   DATA SIZE        =      8    ----
   IDATA SIZE       =   ----    ----
   BIT SIZE         =   ----    ----
END OF MODULE INFORMATION.


C51 COMPILATION COMPLETE.  0 WARNING(S),  0 ERROR(S)
